23:39:47 INFO  : Registering command handlers for Vitis TCF services
23:39:47 INFO  : Launching XSCT server: xsct.bat -n  -interactive C:\Users\alise\Desktop\VIVADO\PROJECTS\NEXYS_DDR_DMA_LOOP\PS\temp_xsdb_launch_script.tcl
23:39:50 INFO  : XSCT server has started successfully.
23:39:50 INFO  : Successfully done setting XSCT server connection channel  
23:39:50 INFO  : plnx-install-location is set to ''
23:39:51 INFO  : Platform repository initialization has completed.
23:39:53 INFO  : Successfully done setting workspace for the tool. 
23:39:53 INFO  : Successfully done query RDI_DATADIR 
23:40:23 INFO  : Result from executing command 'getProjects': design_1_wrapper
23:40:23 INFO  : Result from executing command 'getPlatforms': 
23:40:23 INFO  : Platform 'design_1_wrapper' is added to custom repositories.
23:40:25 INFO  : Platform 'design_1_wrapper' is added to custom repositories.
23:41:07 INFO  : Result from executing command 'getProjects': design_1_wrapper
23:41:07 INFO  : Result from executing command 'getPlatforms': design_1_wrapper|C:/Users/alise/Desktop/VIVADO/PROJECTS/NEXYS_DDR_DMA_LOOP/PS/design_1_wrapper/export/design_1_wrapper/design_1_wrapper.xpfm
23:41:08 INFO  : Checking for BSP changes to sync application flags for project 'DMA_TEST'...
23:41:26 INFO  : Connected to target on host '127.0.0.1' and port '3121'.
23:41:27 INFO  : Jtag cable 'Digilent Nexys4DDR 210292A6EFB1A' is selected.
23:41:27 INFO  : 'jtag frequency' command is executed.
23:41:27 INFO  : 'targets -set -filter {jtag_cable_name =~ "Digilent Nexys4DDR 210292A6EFB1A" && level==0 && jtag_device_ctx=="jsn-Nexys4DDR-210292A6EFB1A-13631093-0"}' command is executed.
23:41:29 INFO  : FPGA configured successfully with bitstream "C:/Users/alise/Desktop/VIVADO/PROJECTS/NEXYS_DDR_DMA_LOOP/PS/DMA_TEST/_ide/bitstream/design_1_wrapper.bit"
23:41:29 INFO  : Context for processor 'microblaze_0' is selected.
23:41:29 INFO  : Hardware design and registers information is loaded from 'C:/Users/alise/Desktop/VIVADO/PROJECTS/NEXYS_DDR_DMA_LOOP/PS/design_1_wrapper/export/design_1_wrapper/hw/design_1_wrapper.xsa'.
23:41:29 INFO  : 'configparams mdm-detect-bscan-mask 2' command is executed.
23:41:29 INFO  : Context for processor 'microblaze_0' is selected.
23:41:29 INFO  : System reset is completed.
23:41:32 INFO  : 'after 3000' command is executed.
23:41:32 INFO  : Context for processor 'microblaze_0' is selected.
23:41:33 INFO  : The application 'C:/Users/alise/Desktop/VIVADO/PROJECTS/NEXYS_DDR_DMA_LOOP/PS/DMA_TEST/Debug/DMA_TEST.elf' is downloaded to processor 'microblaze_0'.
23:41:33 INFO  : ----------------XSDB Script----------------
connect -url tcp:127.0.0.1:3121
targets -set -filter {jtag_cable_name =~ "Digilent Nexys4DDR 210292A6EFB1A" && level==0 && jtag_device_ctx=="jsn-Nexys4DDR-210292A6EFB1A-13631093-0"}
fpga -file C:/Users/alise/Desktop/VIVADO/PROJECTS/NEXYS_DDR_DMA_LOOP/PS/DMA_TEST/_ide/bitstream/design_1_wrapper.bit
targets -set -nocase -filter {name =~ "*microblaze*#0" && bscan=="USER2" }
loadhw -hw C:/Users/alise/Desktop/VIVADO/PROJECTS/NEXYS_DDR_DMA_LOOP/PS/design_1_wrapper/export/design_1_wrapper/hw/design_1_wrapper.xsa -regs
configparams mdm-detect-bscan-mask 2
targets -set -nocase -filter {name =~ "*microblaze*#0" && bscan=="USER2" }
rst -system
after 3000
targets -set -nocase -filter {name =~ "*microblaze*#0" && bscan=="USER2" }
dow C:/Users/alise/Desktop/VIVADO/PROJECTS/NEXYS_DDR_DMA_LOOP/PS/DMA_TEST/Debug/DMA_TEST.elf
----------------End of Script----------------

23:41:33 INFO  : Context for processor 'microblaze_0' is selected.
23:41:33 INFO  : 'con' command is executed.
23:41:33 INFO  : ----------------XSDB Script (After Launch)----------------
targets -set -nocase -filter {name =~ "*microblaze*#0" && bscan=="USER2" }
con
----------------End of Script----------------

23:41:33 INFO  : Launch script is exported to file 'C:\Users\alise\Desktop\VIVADO\PROJECTS\NEXYS_DDR_DMA_LOOP\PS\.sdk\launch_scripts\single_application_debug\debugger_dma_test-default.tcl'
00:13:31 INFO  : Successfully done sdx_reload_mss "C:/Users/alise/Desktop/VIVADO/PROJECTS/NEXYS_DDR_DMA_LOOP/PS/design_1_wrapper/microblaze_0/domain_microblaze_0/bsp/system.mss"
08:34:19 INFO  : Disconnected from the channel tcfchan#2.
